0 info it worked if it ends with ok
1 verbose cli [ '/usr/bin/node', '/usr/bin/npm', 'run', 'flow' ]
2 info using npm@3.5.2
3 info using node@v8.10.0
4 verbose run-script [ 'preflow', 'flow', 'postflow' ]
5 info lifecycle harmoni@0.1.0~preflow: harmoni@0.1.0
6 silly lifecycle harmoni@0.1.0~preflow: no script for preflow, continuing
7 info lifecycle harmoni@0.1.0~flow: harmoni@0.1.0
8 verbose lifecycle harmoni@0.1.0~flow: unsafe-perm in lifecycle true
9 verbose lifecycle harmoni@0.1.0~flow: PATH: /usr/share/npm/bin/node-gyp-bin:/mnt/c/Users/hansk/Documents/Scrum/harmoni/client/node_modules/.bin:/home/hanskristian/.cargo/bin:/usr/local/sbin:/usr/local/bin:/usr/sbin:/usr/bin:/sbin:/bin:/usr/games:/usr/local/games:/mnt/c/Program Files/WindowsApps/CanonicalGroupLimited.UbuntuonWindows_1804.2019.521.0_x64__79rhkp1fndgsc:/mnt/c/Program Files/AdoptOpenJDK/jdk-11.0.5.10-hotspot/bin:/mnt/c/Program Files (x86)/Common Files/Oracle/Java/javapath:/mnt/c/Program Files (x86)/Intel/iCLS Client/:/mnt/c/Program Files/Intel/iCLS Client/:/mnt/c/Windows/system32:/mnt/c/Windows:/mnt/c/Windows/System32/Wbem:/mnt/c/Windows/System32/WindowsPowerShell/v1.0/:/mnt/c/Windows/System32/OpenSSH/:/mnt/c/Program Files (x86)/Intel/Intel(R) Management Engine Components/DAL:/mnt/c/Program Files/Intel/Intel(R) Management Engine Components/DAL:/mnt/c/Program Files (x86)/Intel/Intel(R) Management Engine Components/IPT:/mnt/c/Program Files/Intel/Intel(R) Management Engine Components/IPT:/mnt/c/Program Files (x86)/NVIDIA Corporation/PhysX/Common:/mnt/c/WINDOWS/system32:/mnt/c/WINDOWS:/mnt/c/WINDOWS/System32/Wbem:/mnt/c/WINDOWS/System32/WindowsPowerShell/v1.0/:/mnt/c/WINDOWS/System32/OpenSSH/:/mnt/c/Program Files/Intel/WiFi/bin/:/mnt/c/Program Files/Common Files/Intel/WirelessCommon/:/mnt/c/Users/hansk/AppData/Local/Microsoft/WindowsApps:/mnt/c/Users/hansk/AppData/Local/Programs/Microsoft VS Code/bin:/mnt/c/Users/hansk/AppData/Local/atom/bin:/mnt/c/Users/hansk/AppData/Local/Microsoft/WindowsApps:/snap/bin
10 verbose lifecycle harmoni@0.1.0~flow: CWD: /mnt/c/Users/hansk/Documents/Scrum/harmoni/client
11 silly lifecycle harmoni@0.1.0~flow: Args: [ '-c', 'flow' ]
12 silly lifecycle harmoni@0.1.0~flow: Returned: code: 2  signal: null
13 info lifecycle harmoni@0.1.0~flow: Failed to exec flow script
14 verbose stack Error: harmoni@0.1.0 flow: `flow`
14 verbose stack Exit status 2
14 verbose stack     at EventEmitter.<anonymous> (/usr/share/npm/lib/utils/lifecycle.js:232:16)
14 verbose stack     at emitTwo (events.js:126:13)
14 verbose stack     at EventEmitter.emit (events.js:214:7)
14 verbose stack     at ChildProcess.<anonymous> (/usr/share/npm/lib/utils/spawn.js:24:14)
14 verbose stack     at emitTwo (events.js:126:13)
14 verbose stack     at ChildProcess.emit (events.js:214:7)
14 verbose stack     at maybeClose (internal/child_process.js:925:16)
14 verbose stack     at Process.ChildProcess._handle.onexit (internal/child_process.js:209:5)
15 verbose pkgid harmoni@0.1.0
16 verbose cwd /mnt/c/Users/hansk/Documents/Scrum/harmoni/client
17 error Linux 4.4.0-18362-Microsoft
18 error argv "/usr/bin/node" "/usr/bin/npm" "run" "flow"
19 error node v8.10.0
20 error npm  v3.5.2
21 error code ELIFECYCLE
22 error harmoni@0.1.0 flow: `flow`
22 error Exit status 2
23 error Failed at the harmoni@0.1.0 flow script 'flow'.
23 error Make sure you have the latest version of node.js and npm installed.
23 error If you do, this is most likely a problem with the harmoni package,
23 error not with npm itself.
23 error Tell the author that this fails on your system:
23 error     flow
23 error You can get information on how to open an issue for this project with:
23 error     npm bugs harmoni
23 error Or if that isn't available, you can get their info via:
23 error     npm owner ls harmoni
23 error There is likely additional logging output above.
24 verbose exit [ 1, true ]
