0 info it worked if it ends with ok
1 verbose cli [ '/usr/bin/node', '/usr/bin/npm', 'run', 'flow-coverage' ]
2 info using npm@3.5.2
3 info using node@v8.10.0
4 verbose run-script [ 'preflow-coverage', 'flow-coverage', 'postflow-coverage' ]
5 info lifecycle harmoni_server@1.0.0~preflow-coverage: harmoni_server@1.0.0
6 silly lifecycle harmoni_server@1.0.0~preflow-coverage: no script for preflow-coverage, continuing
7 info lifecycle harmoni_server@1.0.0~flow-coverage: harmoni_server@1.0.0
8 verbose lifecycle harmoni_server@1.0.0~flow-coverage: unsafe-perm in lifecycle true
9 verbose lifecycle harmoni_server@1.0.0~flow-coverage: PATH: /usr/share/npm/bin/node-gyp-bin:/home/hansk/Scrum/harmoni/server/node_modules/.bin:/home/hansk/.cargo/bin:/home/hansk/.cargo/bin:/usr/local/sbin:/usr/local/bin:/usr/sbin:/usr/bin:/sbin:/bin:/usr/games:/usr/local/games:/snap/bin
10 verbose lifecycle harmoni_server@1.0.0~flow-coverage: CWD: /home/hansk/Scrum/harmoni/server
11 silly lifecycle harmoni_server@1.0.0~flow-coverage: Args: [ '-c', 'flow-coverage-report' ]
12 silly lifecycle harmoni_server@1.0.0~flow-coverage: Returned: code: 2  signal: null
13 info lifecycle harmoni_server@1.0.0~flow-coverage: Failed to exec flow-coverage script
14 verbose stack Error: harmoni_server@1.0.0 flow-coverage: `flow-coverage-report`
14 verbose stack Exit status 2
14 verbose stack     at EventEmitter.<anonymous> (/usr/share/npm/lib/utils/lifecycle.js:232:16)
14 verbose stack     at emitTwo (events.js:126:13)
14 verbose stack     at EventEmitter.emit (events.js:214:7)
14 verbose stack     at ChildProcess.<anonymous> (/usr/share/npm/lib/utils/spawn.js:24:14)
14 verbose stack     at emitTwo (events.js:126:13)
14 verbose stack     at ChildProcess.emit (events.js:214:7)
14 verbose stack     at maybeClose (internal/child_process.js:925:16)
14 verbose stack     at Process.ChildProcess._handle.onexit (internal/child_process.js:209:5)
15 verbose pkgid harmoni_server@1.0.0
16 verbose cwd /home/hansk/Scrum/harmoni/server
17 error Linux 5.0.0-37-generic
18 error argv "/usr/bin/node" "/usr/bin/npm" "run" "flow-coverage"
19 error node v8.10.0
20 error npm  v3.5.2
21 error code ELIFECYCLE
22 error harmoni_server@1.0.0 flow-coverage: `flow-coverage-report`
22 error Exit status 2
23 error Failed at the harmoni_server@1.0.0 flow-coverage script 'flow-coverage-report'.
23 error Make sure you have the latest version of node.js and npm installed.
23 error If you do, this is most likely a problem with the harmoni_server package,
23 error not with npm itself.
23 error Tell the author that this fails on your system:
23 error     flow-coverage-report
23 error You can get information on how to open an issue for this project with:
23 error     npm bugs harmoni_server
23 error Or if that isn't available, you can get their info via:
23 error     npm owner ls harmoni_server
23 error There is likely additional logging output above.
24 verbose exit [ 1, true ]
